#
#model:
#
#<?xml version="1.0" encoding="UTF-8" standalone="no"?><input id="posterior" spec="beast.core.util.CompoundDistribution">
#    <distribution id="prior" spec="beast.core.util.CompoundDistribution">
#        <distribution groupCount="10" id="BICEPS.t:YFV_sequences_subset" linkedMean="true" ploidy="1.0" spec="biceps.BICEPS">
#            <parameter id="RealParameter.3" lower="0.0" name="populationShape" spec="beast.core.parameter.RealParameter" upper="0.0">3.0</parameter>
#            <parameter id="BICEPSPopSize.t:YFV_sequences_subset" lower="0.0" name="populationMean" spec="beast.core.parameter.RealParameter">1.0</parameter>
#            <groupSizes dimension="10" estimate="false" id="BICEPSGroupSizes.t:YFV_sequences_subset" spec="beast.core.parameter.IntegerParameter">1</groupSizes>
#            <treeIntervals id="BICEPSTreeIntervals.t:YFV_sequences_subset" spec="beast.evolution.tree.coalescent.TreeIntervals">
#                <tree id="Tree.t:YFV_sequences_subset" spec="beast.evolution.tree.Tree">
#                    <trait dateFormat="dd-M-yyyy" id="dateTrait.t:YFV_sequences_subset" spec="beast.evolution.tree.TraitSet" traitname="date" value="NC|ES504|NHPrimate|DomingosMartins|EspiritoSanto|20-02-2017=20-02-2017,FioRJ|Library9YIBRA_M218_2176|Primate|Bahia|10-03-2017=10-03-2017,FioRJ|1818|Human|EspiritoSanto_Cariacia|10-03-2017=10-03-2017,FioRJ|438|Monkey|Espirito_Santo_DomingosMartins|31-01-2017=31-01-2017,FioRJ|480|Human|MinasGerais_TeofiloOtoni|28-01-2017=28-01-2017,FioRJ|532|Monkey|MinasGerais_CoronelMurta|13-01-2017=13-01-2017,FioRJ|1536|Human|EspiritoSanto_Vitoria|22-02-2017=22-02-2017,FioRJ|2109|Monkey|EspiritoSanto_Cariacica|08-03-2017=08-03-2017,IAL_11|Primate|EspiritoSanto_VendaNovadoImigrante|24-01-2017=24-01-2017,IAL_8|Primate|EspiritoSanto_Itarana|24-01-2017=24-01-2017,M11_library4|Primate_Cebidae|MinasGerais_Caldas|13-02-2017=13-02-2017,M123_libraryYIBRA8|Human|MinasGerais_Itambaquri|27-01-2017=27-01-2017,M16_libraryYIBRA8|Human|MinasGerais_Caratinga|09-01-2017=09-01-2017,M25_library1|Human|MinasGerais_NovoCruzeiro|25-01-2017=25-01-2017,M51_libraryYIBRA8|Human|MinasGerais_NovoCruzeiro|18-01-2017=18-01-2017,M68_libraryYIBRA8|Human|MinasGerais_Ladainha|28-01-2017=28-01-2017,M79_library3|Primate_AllouataGuaribaClamitans|MinasGerais_AbreCampo|17-02-2017=17-02-2017,M47_libraryY|Human|MinasGerais|Setubinha|19-01-2017=19-01-2017,M9_library4|Monkey|MinasGerais_OuroFino|15-02-2017=15-02-2017,M7_library2|Primate_Cebidae|MinasGerais_Delfinopolis|14-02-2017=14-02-2017,M43_libraryY|Human|MinasGerais_Pote|18-01-2017=18-01-2017,M83_library3|Primate_Callitrix|MinasGerais_Ladainha|09-02-2017=09-02-2017,M5_library2|Primate_AllouataGuaribaClamitans|MinasGerais_SantaRitaDeCaldas|15-02-2017=15-02-2017,M138_libraryX|Human|MinasGerais_SantaBarbaradoLeste|20-01-2017=20-01-2017,M17_library1|Human|MinasGerais_Ladainha|14-01-2017=14-01-2017,M26_library5and6|Human|SaoCaetanoDoSul_Itambacuri_MinasGerais_Brazil|07-01-2017=07-01-2017,M98_library6|Human|MinasGerais|TeofiloOtoni|10-01-2017=10-01-2017,M36_library3|MinasGerais|NovoCruzeiro|14-01-2017=14-01-2017,M96_library5and6|Human|MinasGerais|Ladainha|19-01-2017=19-01-2017,BC13_library5_48BC|RJ143|NHP|BeloHorizonte-MG|24-01-2017=24-01-2017,BC30_library5_48BC|RJ148|Human|TeofiloOtoni-MG|24-01-2017=24-01-2017,BC50_library5_48BC|RJ163|NHP|Sacramento-MG|09-02-2017=09-02-2017,BC64_library5_48BC|RJ157|Human|TeofiloOtoni-MG|05-02-2017=05-02-2017,BC73_library5_48BC|RJ151|NHP|Itamarandiba-MG|13-01-2017=13-01-2017,MF170971|Monkey|MinasGerais_SaoRoqueDeMinas|NA|30-01-2017=30-01-2017">
#                        <taxa id="TaxonSet.YFV_sequences_subset" spec="beast.evolution.alignment.TaxonSet">
#                        </taxa>
#                    </trait>
#                    <taxonset idref="TaxonSet.YFV_sequences_subset"/>
#                </tree>
#            </treeIntervals>
#        </distribution>
#        <prior id="BICEPSPopSizePrior.t:YFV_sequences_subset" name="distribution" x="@BICEPSPopSize.t:YFV_sequences_subset">
#            <LogNormal id="LogNormalDistributionModel.1" meanInRealSpace="true" name="distr">
#                <parameter id="RealParameter.4" lower="0.0" name="M" spec="beast.core.parameter.RealParameter" upper="0.0">1.0</parameter>
#                <parameter id="RealParameter.5" lower="0.0" name="S" spec="beast.core.parameter.RealParameter" upper="0.0">1.0</parameter>
#            </LogNormal>
#        </prior>
#        <prior id="ORCRatePriorDistribution.c:YFV_sequences_subset" name="distribution">
#            <parameter dimension="68" id="ORCRates.c:YFV_sequences_subset" lower="0.0" name="x" spec="beast.core.parameter.RealParameter">0.5</parameter>
#            <LogNormal id="LogNormalDistributionModel.4" meanInRealSpace="true" name="distr">
#                <parameter estimate="false" id="RealParameter.38" name="M" spec="beast.core.parameter.RealParameter">1.0</parameter>
#                <parameter id="ORCsigma.c:YFV_sequences_subset" lower="0.0" name="S" spec="beast.core.parameter.RealParameter">0.2</parameter>
#            </LogNormal>
#        </prior>
#        <prior id="ORCsigmaPrior.c:YFV_sequences_subset" name="distribution" x="@ORCsigma.c:YFV_sequences_subset">
#            <Gamma id="Gamma.7" name="distr">
#                <parameter estimate="false" id="RealParameter.39" name="alpha" spec="beast.core.parameter.RealParameter">0.5396</parameter>
#                <parameter estimate="false" id="RealParameter.40" name="beta" spec="beast.core.parameter.RealParameter">0.3819</parameter>
#            </Gamma>
#        </prior>
#        <prior id="ORCucldMeanPrior.c:YFV_sequences_subset" name="distribution">
#            <parameter id="clockRate.c:YFV_sequences_subset" name="x" spec="beast.core.parameter.RealParameter">1.0</parameter>
#            <Gamma id="Gamma.8" name="distr">
#                <parameter id="RealParameter.41" lower="0.0" name="alpha" spec="beast.core.parameter.RealParameter" upper="0.0">0.1</parameter>
#                <parameter id="RealParameter.42" lower="0.0" name="beta" spec="beast.core.parameter.RealParameter" upper="0.0">100.0</parameter>
#            </Gamma>
#        </prior>
#        <prior id="FrequenciesPrior.s:YFV_sequences_subset" name="distribution">
#            <parameter dimension="4" id="freqParameter.s:YFV_sequences_subset" lower="0.0" name="x" spec="beast.core.parameter.RealParameter" upper="1.0">0.25</parameter>
#            <Uniform id="Uniform.3" name="distr"/>
#        </prior>
#        <prior id="GammaShapePrior.s:YFV_sequences_subset" name="distribution">
#            <parameter id="gammaShape.s:YFV_sequences_subset" name="x" spec="beast.core.parameter.RealParameter">1.0</parameter>
#            <Exponential id="Exponential.0" name="distr">
#                <parameter estimate="false" id="RealParameter.0" name="mean" spec="beast.core.parameter.RealParameter">1.0</parameter>
#            </Exponential>
#        </prior>
#        <prior id="KappaPrior.s:YFV_sequences_subset" name="distribution">
#            <parameter id="kappa.s:YFV_sequences_subset" lower="0.0" name="x" spec="beast.core.parameter.RealParameter">2.0</parameter>
#            <LogNormal id="LogNormalDistributionModel.0" name="distr">
#                <parameter estimate="false" id="RealParameter.1" name="M" spec="beast.core.parameter.RealParameter">1.0</parameter>
#                <parameter estimate="false" id="RealParameter.2" name="S" spec="beast.core.parameter.RealParameter">1.25</parameter>
#            </LogNormal>
#        </prior>
#    </distribution>
#    <distribution id="likelihood" spec="beast.core.util.CompoundDistribution" useThreads="true">
#        <distribution data="@YFV_sequences_subset" id="treeLikelihood.YFV_sequences_subset" spec="beast.evolution.likelihood.ThreadedTreeLikelihood" tree="@Tree.t:YFV_sequences_subset">
#            <siteModel gammaCategoryCount="4" id="SiteModel.s:YFV_sequences_subset" shape="@gammaShape.s:YFV_sequences_subset" spec="beast.evolution.sitemodel.SiteModel">
#                <parameter estimate="false" id="mutationRate.s:YFV_sequences_subset" name="mutationRate" spec="beast.core.parameter.RealParameter">1.0</parameter>
#                <parameter estimate="false" id="proportionInvariant.s:YFV_sequences_subset" lower="0.0" name="proportionInvariant" spec="beast.core.parameter.RealParameter" upper="1.0">0.0</parameter>
#                <substModel id="hky.s:YFV_sequences_subset" kappa="@kappa.s:YFV_sequences_subset" spec="beast.evolution.substitutionmodel.HKY">
#                    <frequencies frequencies="@freqParameter.s:YFV_sequences_subset" id="estimatedFreqs.s:YFV_sequences_subset" spec="beast.evolution.substitutionmodel.Frequencies"/>
#                </substModel>
#            </siteModel>
#            <branchRateModel clock.rate="@clockRate.c:YFV_sequences_subset" id="OptimisedRelaxedClock.c:YFV_sequences_subset" rates="@ORCRates.c:YFV_sequences_subset" spec="beast.evolution.branchratemodel.UCRelaxedClockModel" tree="@Tree.t:YFV_sequences_subset">
#                <LogNormal S="@ORCsigma.c:YFV_sequences_subset" id="ORCLogNormalDistributionModel.c:YFV_sequences_subset" meanInRealSpace="true" name="distr">
#                    <parameter estimate="false" id="RealParameter.37" name="M" spec="beast.core.parameter.RealParameter">1.0</parameter>
#                </LogNormal>
#            </branchRateModel>
#        </distribution>
#    </distribution>
#</input>
#
Sample	posterior	likelihood	prior	treeLikelihood.YFV_sequences_subset	TreeHeight	gammaShape	kappa	BICEPS	PopSizes.1	PopSizes.2	PopSizes.3	PopSizes.4	PopSizes.5	PopSizes.6	PopSizes.7	PopSizes.8	PopSizes.9	PopSizes.10	GroupSizes.1	GroupSizes.2	GroupSizes.3	GroupSizes.4	GroupSizes.5	GroupSizes.6	GroupSizes.7	GroupSizes.8	GroupSizes.9	GroupSizes.10	BICEPSPopSize	clockRate	ORCsigma	ORCRatesStat.mean	ORCRatesStat.variance	ORCRatesStat.coefficientOfVariation	freqParameter.1	freqParameter.2	freqParameter.3	freqParameter.4
0	-15669.117122162199	-15358.861111740922	-310.25601042127704	-15358.861111740922	0.436694315188866	0.0736679065362632	17.50288266833008	-16.112837189115663	1.0708056127933037	0.9087976402420032	0.6933249082770464	0.394946162915107	1.1903162409737442	0.5603143958280651	0.6048808192137122	0.20030029831749568	0.2668832006293572	0.22252269877544759	4	4	4	4	3	3	3	3	3	3	1.467170272067511	0.004189115792644736	0.2	0.0020959029591868924	1.1491539404606901E-8	0.05097908552285037	0.2614926284985765	0.22191475207642491	0.28604060751273386	0.2305520119122647
10000	-15240.658350207046	-15341.7545672642	101.0962170571545	-15341.7545672642	0.41690173528807306	0.05280503019817743	18.844532979147736	-12.515319701658557	1.4622597823061756	1.0626418247207357	1.5002718681680198	0.5267756305942167	0.273265435412424	0.40287080906516576	0.24881237786859645	0.13480838079852553	0.08901719502472857	0.11390837058880174	4	4	4	4	3	3	3	3	3	3	1.3043885557771784	0.00421828568562957	0.04028705557812074	0.004230447359809526	3.338091893653032E-8	0.04313269888980754	0.26607000385854235	0.2110428024835494	0.2859595065132843	0.236927687144624
20000	-15370.093566173078	-15327.95735569094	-42.136210482138935	-15327.95735569094	0.2628317119709169	0.06330405448779931	18.844532979147736	-1.9616372307177175	1.963699121670135	2.812711970546592	1.0266644797211275	0.28640703143959617	0.4192288242809987	0.3413368770095267	0.5883628905636775	0.06681286169701425	0.1502705102254111	0.04637272110586515	4	4	4	4	3	3	3	3	3	3	1.5954477512949452	0.005171389908722052	0.4560110225748638	0.004540210517080281	5.1656090693705675E-6	0.4495625523803518	0.273416787002413	0.2110428024835494	0.2865448540358992	0.22899555647813846
30000	-15402.394047112384	-15330.811821432719	-71.58222567966533	-15330.811821432719	0.27968282570811076	0.03377273758496558	15.64773151991697	2.870631445747599	0.26571278239520046	0.7682065850429011	0.5112812321035105	0.47872165515046283	0.1744425803756759	0.19592108392701466	0.59658336154667	0.2424358126102394	0.07815620227239684	0.10859803162596493	4	4	4	4	3	3	3	3	3	3	0.3912559503766952	0.00890646935359534	0.9519347968947394	0.00648119619327955	1.2301857021889876E-4	1.144240058380767	0.26750332489766865	0.21695626458829378	0.28578499186786366	0.229755418646174
40000	-15363.504152579255	-15315.554141275426	-47.950011303828326	-15315.554141275426	0.34520419723067686	0.07256019714054288	17.891955703154398	4.755691857078245	1.3188722652769287	1.2129935878611575	0.9258120495756306	0.2967155553665049	0.8655563513852483	0.16421443070613975	0.07149236981139545	0.044939742909602245	0.1465288517086531	0.05358664314319582	4	4	4	4	3	3	3	3	3	3	0.6855779705171886	0.00774255721331731	0.8887504558090584	0.004940844638312592	3.2102735296054294E-5	0.9048999570255196	0.2666909908952939	0.21190710411602368	0.2865973258702384	0.2348045791184441
50000	-15355.204695515493	-15355.579584541063	0.3748890255693653	-15355.579584541063	0.34034758543522714	0.09362374486190975	9.390850977323492	9.213176225820657	1.0703747962191146	0.8255744150508525	0.9881483941798619	0.43438026783095113	0.32570729395146175	0.277658853385156	0.1262526529821919	0.09693364075577511	0.15438189198452137	0.06108082746576996	4	4	4	4	3	3	3	3	3	3	1.562455692027395	0.004789907686359375	0.25518594432452507	0.004703972325338375	1.6718543693863122E-6	0.2649403067992681	0.2734885070473871	0.21190710411602368	0.28162618394139183	0.23297820489519752
60000	-15356.01134820071	-15336.27140370698	-19.739944493728288	-15336.27140370698	0.3892276979594739	0.03743487224741137	15.597497549950823	-8.401620225000158	0.6319832373607258	1.8979101214150187	0.9602258595490487	0.35163709167859775	0.6113270155329247	0.1574386130035828	0.20673498390780087	0.07956993569575349	0.062171605262871195	0.09759741394536835	4	4	4	4	3	3	3	3	3	3	0.48816465791087477	0.005445174877409633	0.29744298631979704	0.004899580408272612	2.752921952983291E-6	0.32808278858774514	0.26433214392771653	0.21190710411602368	0.2907825470610624	0.23297820489519752
70000	-15408.027078668629	-15330.11023970941	-77.91683895922048	-15330.11023970941	0.41258086624432394	0.0285073466402949	14.653617509754747	-9.561428704240491	0.34475163489674804	0.674202401233128	1.383721875471643	1.3514815854150393	0.31275835962253046	0.3768172088310999	1.9652114388505346	0.22399188059393263	0.07754155039857308	0.10900133468881096	4	4	4	4	3	3	3	3	3	3	0.7719594449073627	0.004768855788686261	0.7601162407879416	0.003722545226878602	1.8994880690709478E-5	0.9022279560325738	0.265708289728615	0.2158856710033188	0.28800907660974145	0.23039696265832485
80000	-15377.54913382198	-15330.708033208995	-46.84110061298369	-15330.708033208995	0.30216305934152876	0.00965740462574552	11.020029296289625	1.8043419687464741	0.6004721740492213	0.3277232998463627	1.071259892881075	0.37087412713116036	0.2985623005793181	0.48096060228039267	0.18158398642829687	0.09412949854334374	0.10008261100298296	0.08907094305668513	4	4	4	4	3	3	3	3	3	3	1.3005282408457506	0.008204844100412872	0.760773023026221	0.005732324616239844	5.489723624470529E-5	1.0713213771149743	0.2664694104035429	0.21967524232289756	0.28416768493785016	0.22968766233570947
90000	-15380.621003888893	-15329.475204362434	-51.14579952645914	-15329.475204362434	0.28300180887915394	0.004312780255707597	12.04409968216736	6.4288568876116985	1.3491299165107535	0.5172062142672508	0.2407495697411312	1.1806211145267362	0.31537482440077835	0.3204889939904258	0.09622655184874777	0.08722286011562612	0.07542817220276596	0.051554810757201176	4	4	4	4	3	3	3	3	3	3	1.7363801368341354	0.008270105305568681	0.6677246299840355	0.005974484456286428	3.454338410688085E-5	0.8004340129702839	0.26161674304630966	0.21967524232289756	0.28929204332339864	0.22941597130739425
100000	-15379.48724255528	-15321.609271724683	-57.877970830598116	-15321.609271724683	0.3214895411233698	0.03175134557676628	13.369290130728887	8.733001082968547	1.3841473986755117	0.5664574496598197	0.4068560420195219	0.34309835299709035	0.5220608580773718	0.22913222277507725	0.10792987160019388	0.1355396469422913	0.1589777703161617	0.060409499902049926	4	4	4	4	3	3	3	3	3	3	2.6787088497444858	0.007907130016819848	0.8235181502475509	0.005826081845567815	7.932081023255601E-5	1.1448897886268352	0.26161674304630966	0.22182711618340087	0.289665910789103	0.22689022998118658
110000	-15430.027224995016	-15337.111969705971	-92.91525528904543	-15337.111969705971	0.3491288905102906	0.03175134557676628	16.844357159267297	-11.95674794265136	0.8296251264261114	1.5339151830854645	0.6412701249532046	0.8898181856548864	0.6503050459904526	0.4216209734248255	0.14365909802556195	0.3248269604214908	0.13241783680946997	0.07048792279325258	4	4	4	4	3	3	3	3	3	3	1.0914050224972496	0.004870959998397477	1.0737646775953458	0.004425492756207211	6.659573029498262E-5	1.4338026460030258	0.2695624796720951	0.2173271955573443	0.2817201741633175	0.23139015060724313
120000	-15384.404137246876	-15332.113441577467	-52.29069566940903	-15332.113441577467	0.3051990995131783	0.014470484870719448	16.326369563648313	9.18256546132725	0.46041993643459594	0.6044014566155398	0.40766742645184595	0.37234357554249353	0.12353667771416588	0.10343269214274808	0.16744242131562376	0.13294588911984256	0.13329893126464445	0.06944274056113348	4	4	4	4	3	3	3	3	3	3	0.9029446774578873	0.008040000873915447	0.5447502848871524	0.0070876455416907045	4.3597561556447504E-5	0.7703549581630189	0.26541511193918094	0.2161087745386457	0.2870859629149303	0.23139015060724313
130000	-15374.84196075221	-15322.732465901443	-52.109494850767035	-15322.732465901443	0.252726000816485	0.07402141313679551	15.31038198013213	4.70639724380134	0.3070994866843859	0.696251671892857	0.7023380819588382	0.9203467031717287	0.45415598682209257	0.43888102925585626	0.12061989973352065	0.057988663512903195	0.04208264385438288	0.041410145891821036	4	4	4	4	3	3	3	3	3	3	0.7539317318253628	0.008137747051825024	0.6734018770953112	0.006247418406337385	3.062614637072185E-5	0.7340331588633757	0.2651344268474452	0.2161087745386457	0.2870859629149303	0.2316708356989789
140000	-15379.968842457196	-15323.36384343891	-56.60499901828628	-15323.36384343891	0.24917165472488437	0.11842026516021234	12.753993042916798	10.181036736393027	0.30512734457279267	0.5540014475475483	0.3333457681455201	0.30119677034759323	0.1613308579898007	0.19649772169783838	0.11592369691694782	0.12317479022498323	0.08887938685446514	0.08572295270156241	4	4	4	4	3	3	3	3	3	3	0.46136065278506627	0.014211531834892554	1.1533551021601542	0.007680118650613752	0.0011397544701977462	2.0190478468875144	0.2651344268474452	0.21611195972392191	0.28708277772965407	0.2316708356989789
150000	-15372.108232294031	-15323.115918632313	-48.99231366171733	-15323.115918632313	0.2565638607633344	0.01986171117988918	14.747175193043633	9.34900974070114	0.8491091580022614	1.3538241199082106	0.5475075290889029	0.25279275815867813	0.2445542581872538	0.12192735137848876	0.17057517127283392	0.06574132491397298	0.04950916695084711	0.08850425542997462	4	4	4	4	3	3	3	3	3	3	1.1160677466280087	0.012652479212385336	1.1704163227597366	0.006847839819182793	9.777752938210698E-5	0.9938303120830156	0.2704959834774038	0.21979710890682227	0.2787394312706062	0.23096747634516782
160000	-15373.675263478513	-15318.391978508269	-55.283284970243976	-15318.391978508269	0.37749183116087914	0.011791333052303923	24.950841452916322	11.45645438149823	0.7778587570017015	0.8260527431904988	1.772657332073227	0.4801042659333769	0.22369124556532002	0.2364630202559006	0.17839633422940618	0.1707029375278569	0.059100982334332176	0.09399865099520749	4	4	4	4	3	3	3	3	3	3	1.1805181948752748	0.009465958468136183	1.1136228841130655	0.005437585764333141	8.590362359295706E-5	1.1439337125507774	0.2594366625801596	0.21637058008257493	0.29295114883626044	0.23124160850100503
170000	-15360.903258772367	-15324.47893597143	-36.42432280093557	-15324.47893597143	0.2442164122964077	0.026121771945875966	21.94236057015101	18.383296043030654	0.1642725170111128	0.14387187319294836	0.346925396782555	0.40022443044335804	0.34484857291610704	0.39930106727615233	0.11220725020023598	0.10810699504588198	0.03117111191301837	0.03550787451902941	4	4	4	4	3	3	3	3	3	3	0.2563995652585527	0.012516979247778042	1.0867620233602777	0.007195190993138736	1.556344754057048E-4	1.2295733499185049	0.2594366625801596	0.21338215336808597	0.29295114883626044	0.234230035215494
180000	-15392.926046073708	-15334.541580847204	-58.384465226503565	-15334.541580847204	0.2728649026971101	0.0828173082614478	18.23002087110747	4.710276292281691	0.2621078881560054	0.31109630563974566	0.6950356157021187	1.4197204816078963	0.33609569817210355	0.7478821564786231	0.22778353569019358	0.34457611233509294	0.05222257061999133	0.20640060904928603	4	4	4	4	3	3	3	3	3	3	0.73830896439509	0.010509479353590695	1.0729027534042275	0.006481006702230691	1.504005183725382E-4	1.293548546020084	0.26686585833951426	0.20595295760873136	0.29295114883626044	0.234230035215494
190000	-15382.558744121214	-15335.932562059903	-46.6261820613113	-15335.932562059903	0.24156783368993748	0.05615080588205024	17.606269385986984	11.563780697281633	0.5973847922743886	0.4220308202649354	0.7552843865149663	0.36050395995153284	0.2744369746267258	0.2380585774254558	0.21245895022853414	0.44198569956441913	0.09474005650404448	0.06874514249904821	4	4	4	4	3	3	3	3	3	3	1.1922091207640326	0.008658550812763302	0.686259519166302	0.0064001201324672095	6.094421974261334E-5	0.9307076927559657	0.2563849693503085	0.21533821866066366	0.29404677677353386	0.234230035215494
200000	-15404.686689358876	-15328.53673727516	-76.14995208371589	-15328.53673727516	0.40525506115880244	0.10527065512956665	20.290020824903447	-4.7530530898471826	0.9449652110262745	1.7937252735096643	0.9492864192359035	0.35284036140580327	0.36539235787509095	0.41586194317987185	0.349757744021654	0.16671381086387801	0.10807183349026386	0.050982422302480505	4	4	4	4	3	3	3	3	3	3	1.7260355728017498	0.004389926331846732	0.7137912613558128	0.004075432655839602	2.1127366149246207E-5	0.9523505338491081	0.2685597262850852	0.21533821866066366	0.29404677677353386	0.2220552782807173
210000	-15404.4810448693	-15326.485850669944	-77.99519419935594	-15326.485850669944	0.3290988700837696	0.040004485373439744	19.927936184876984	-5.407855889681419	0.628233456972778	0.9387112613452456	0.4578399099234809	0.6713063542806684	0.6325993265986254	0.3440074035876597	0.2864102714430925	0.0907371677463139	0.11249171409804756	0.1028113843601417	4	4	4	4	3	3	3	3	3	3	0.3499058222179025	0.006268701393396982	0.9743725694546321	0.005125317224983073	2.9713298055464787E-4	2.2750143441777744	0.2682545139562042	0.21187967840846803	0.28782634446598393	0.23203946316934387
220000	-15394.841970379459	-15321.551800572191	-73.29016980726705	-15321.551800572191	0.2585474066103849	0.009895588492912567	17.35509725362979	3.225248728740868	0.5810560041273912	1.080746975877931	1.2376796935969547	1.0021150650258293	0.39662946286246276	0.2789468142522025	0.09464796923349003	0.13057024215703278	0.11330516709965659	0.04877283866756503	4	4	4	4	3	3	3	3	3	3	1.890154001644322	0.008155095319395563	0.9846613458066086	0.005790899438484061	3.056567286178709E-4	1.776640711841267	0.2701574350183215	0.21523801144867116	0.28446801142578076	0.23013654210722656
230000	-15381.548667478124	-15327.462217043021	-54.08645043510316	-15327.462217043021	0.2701982065822205	0.0064983798354350305	20.440929591462748	14.151418644273598	0.28856699945332853	1.0344424872242974	0.6468541694212935	0.2483565789599515	0.205125616589069	0.12649922096564004	0.06038587092963917	0.03535678665027438	0.05325037144933687	0.04926279629305931	4	4	4	4	3	3	3	3	3	3	1.0105805911626204	0.008047680487941558	0.9789797371432812	0.00626636310759533	6.523381911138536E-5	1.0126035696689257	0.26474506864463127	0.2125264458436837	0.2925919434044585	0.23013654210722656
240000	-15397.011171391006	-15331.939693431685	-65.07147795932251	-15331.939693431685	0.29688676152392135	0.022432124080592874	10.906329245911053	-7.6021361044122315	0.2481218576054732	0.4258430962340388	0.36440647428145334	0.6137823357243232	0.66563377940212	0.3335344130833529	0.7136343013405799	0.14321827612731533	0.1499343264121695	0.0774729227016541	4	4	4	4	3	3	3	3	3	3	0.2322752706568625	0.006215961232009197	0.6581031825638649	0.005420394828974451	3.081503827626299E-5	0.8924849549416417	0.26811664412951336	0.2125264458436837	0.290649634809881	0.22870727521692197
250000	-15391.041522291258	-15335.55499422583	-55.48652806542809	-15335.55499422583	0.2996393137880708	0.010374634561631794	10.799531860825676	-4.503495689388043	0.2619152616597646	1.0863346738531885	0.6521165986341653	0.6656334935456061	1.3338934943796599	0.29624812708763054	0.16259454341393617	0.10404175427682573	0.07414909811635516	0.13794333437033823	4	4	4	4	3	3	3	3	3	3	0.5124193338388688	0.004444899029330353	0.5583222460587337	0.004262079103379536	9.06495849200955E-6	0.6580711037650837	0.26811664412951336	0.21186156169221285	0.2913145189613518	0.22870727521692197
260000	-15389.699536067305	-15341.257709128187	-48.441826939116474	-15341.257709128187	0.26038939554520796	0.030208186121829107	11.084144341135412	5.9578247224873015	0.7883096541996794	0.8503214776444137	1.0768655836966483	1.0677127101151143	0.34049189166285787	0.15641627154577686	0.11303589682324608	0.042200038121062836	0.04396656192939969	0.05959004359732761	4	4	4	4	3	3	3	3	3	3	0.9395210489462449	0.005081850294382515	0.4873799786427003	0.00497553472866989	1.070564922805003E-5	0.5968176737610266	0.27132532197969633	0.21186156169221285	0.2913145189613518	0.22549859736673902
270000	-15400.443476035658	-15327.90829928967	-72.53517674598949	-15327.90829928967	0.36369523899482287	0.0932927242571818	15.008279478644146	-11.940210203081746	0.9608181516314711	0.7374758716907844	0.7246743792536691	0.6186269715236372	0.3165233368501298	0.5756570741423552	0.2815484735732684	0.33598174741717457	0.14998993502151958	0.10941256288450094	4	4	4	4	3	3	3	3	3	3	0.4033828952484106	0.004703171357330248	0.7220324214485345	0.003736528954157989	9.886996426589034E-6	0.69475772334645	0.2730587301487793	0.21186156169221285	0.28958111079226884	0.22549859736673902
280000	-15396.053703945418	-15323.551051768285	-72.5026521771324	-15323.551051768285	0.3143695889166676	0.0932927242571818	16.771546880311394	1.4587648847675503	1.5064828098280332	1.7278622196158029	1.0288535587896885	0.6707814174810728	0.64185471931453	0.9878429968101967	0.13467078901472887	0.4411824681941308	0.04339202922582934	0.12439086431455215	4	4	4	4	3	3	3	3	3	3	3.0133981720867786	0.006218720918109372	0.8375712817979023	0.004561309230411672	6.916033779828787E-5	1.2685481634361906	0.2610359326862598	0.21186156169221285	0.28958111079226884	0.23752139482925855
290000	-15413.958025480244	-15328.4976463154	-85.4603791648449	-15328.4976463154	0.5908319491675329	0.0932927242571818	29.521031964718876	-18.378133006320375	0.9258404784675507	3.2368958476513368	1.0733495715805148	0.6484825190027558	0.9955472740953265	1.091853691151475	0.2548722883735824	0.2568469268896454	0.11368684547961316	0.09596733401288086	4	4	4	4	3	3	3	3	3	3	1.746003970271241	0.0034167608764046125	0.6763620905497592	0.003306508201085468	6.487055923149656E-6	0.6928715142813491	0.26187189444586784	0.21186156169221285	0.2887451490326608	0.23752139482925855
300000	-15398.989362109569	-15333.250547804368	-65.7388143052018	-15333.250547804368	0.4798873989553179	0.05152447195114243	13.936952166541664	-28.346753025263922	4.889460859772121	1.3768690135002108	1.8158539416626671	0.616218928428712	0.44162583627508156	0.46527452411020653	0.6951856370793874	0.28414762763306584	0.18301393453153203	0.3543125902697625	4	4	4	4	3	3	3	3	3	3	5.3162215779737165	0.0029185662717599852	0.40925690620245303	0.002888625813294274	1.3878641369927832E-6	0.411771126272213	0.2651346782729451	0.21186156169221285	0.2869466998755834	0.23605706015925862
310000	-15424.127323900595	-15331.325048171699	-92.80227572889643	-15331.325048171699	0.4603234582756362	0.035224930101688735	15.600421169833428	-18.61504237042347	0.7449240471375783	3.0589960322919634	2.521322301540792	1.2145465887569373	0.4541572341525144	0.5328056133145797	0.2527092548279715	0.275800590574332	0.23231401876083718	0.10713109359468838	4	4	4	4	3	3	3	3	3	3	1.1969755019845774	0.004285035690838267	0.7092684393703683	0.003590393504901149	1.5828209261192736E-5	0.850215581965053	0.2707433026950913	0.20572393087675944	0.29316475009059867	0.23036801633755055
320000	-15361.658227286036	-15339.727904419628	-21.93032286640859	-15339.727904419628	0.38266063304345144	0.01915849343968191	13.755853122768762	-14.759339308842797	0.48299442939112497	1.2341355534505425	3.0431488440978445	1.0598369865583313	1.0327894264844029	0.47912357187063714	0.17744252841784736	0.13144536828516662	0.12313471105001697	0.11999101357292158	4	4	4	4	3	3	3	3	3	3	0.640634103926899	0.004922584833244703	0.2958084658022576	0.004393961966595022	1.5772942277634567E-6	0.2766189018376444	0.26581437225620075	0.21151659337388412	0.29316475009059867	0.22950428427931643
330000	-15274.566707834774	-15340.01987289593	65.45316506115482	-15340.01987289593	0.4409338659887446	0.0347770778916257	12.963310907446461	-15.751336714579201	1.6491504649079844	1.1332029018549357	2.5214650960807563	1.1740303297561128	0.36888931522957824	0.23292365922536706	0.20223112314362446	0.16784560038040786	0.20261809593982366	0.08668823751927808	4	4	4	4	3	3	3	3	3	3	1.9860047033273587	0.004059636980158227	0.07281352585502165	0.00400860573999147	7.97372243489296E-8	0.07053678493121354	0.2689003345152558	0.21151659337388412	0.28779357505651215	0.2317894970543479
340000	-15336.360856424912	-15342.364666046164	6.0038096212517456	-15342.364666046164	0.45728119201010164	0.0199539634623502	14.175123245810545	-24.413437684512665	2.6545171125880263	2.0594479040176443	2.5009999125188664	0.9132896046607881	0.43781936626761725	0.6670206371977168	0.5173554600500785	0.24736133354244957	0.15061687473944166	0.2275202483909817	4	4	4	4	3	3	3	3	3	3	3.041188179413207	0.0027205426001848457	0.13678014716110515	0.0027470111448108583	1.6097052213527805E-7	0.1461925955959512	0.2689003345152558	0.21151659337388412	0.28779357505651215	0.2317894970543479
350000	-15296.479460991137	-15343.451221243335	46.97176025219748	-15343.451221243335	0.5509717521158369	0.0063874227721006215	12.078132289825344	-18.463071012818666	1.3338638435227583	2.456171583524081	0.8298967621479315	1.0433748150655318	0.5902674116755514	0.3746026763663346	0.6137846518934224	0.0859085264339256	0.04253519442358854	0.12712522031521353	4	4	4	4	3	3	3	3	3	3	0.8559445633581108	0.00315289681027492	0.09143170377105324	0.00313612067425918	8.355658352802363E-8	0.09158177625468929	0.27270298353351186	0.21151659337388412	0.28779357505651215	0.22798684803609184
360000	-15313.23474219818	-15349.331528914548	36.096786716369756	-15349.331528914548	0.4305708328594384	0.0784116126054005	13.832876793486562	-15.561706189828024	2.5439725675314713	1.193455228290792	1.5139367153926224	0.3677443213654465	0.5767293918938462	0.5260869541641783	0.1825241917898112	0.39095110928509397	0.17705376079751003	0.07991418127821512	4	4	4	4	3	3	3	3	3	3	2.3193548281415945	0.003909918025614015	0.11827653401616157	0.003942503024823743	1.7592984272559177E-7	0.10799120697930799	0.26739089117206166	0.21528744434926034	0.28779357505651215	0.22952808942216585
370000	-15333.965526167854	-15344.467452928055	10.501926760200075	-15344.467452928055	0.4745255188344373	0.07922936444818171	12.14151661013341	-18.403024529139454	3.3507344901615013	1.8666902024444454	2.9744597971488123	0.9612047949615065	0.7722386238377774	0.5617940446478098	0.162519953790313	0.21398957547421113	0.09759832114612742	0.07128095252536436	4	4	4	4	3	3	3	3	3	3	1.23688360706242	0.0035423005471762288	0.13502306187323124	0.0035683204212804552	3.1099742602011634E-7	0.1562081939500559	0.26739089117206166	0.21528744434926034	0.28779357505651215	0.22952808942216585
380000	-15349.120183051331	-15345.484634900116	-3.63554815121538	-15345.484634900116	0.5299466744086132	0.07922936444818171	14.415771154089729	-13.76822487687129	1.0441922903590408	1.2197787752888194	0.8648165473635763	1.133787936131043	0.2437771333678752	0.20984054548617223	0.0837794739912021	0.31076538740004017	0.1894767473610008	0.2694474705802812	4	4	4	4	3	3	3	3	3	3	1.8371855151564602	0.003577451784189971	0.19120186788332041	0.003495798448064189	5.388440068138296E-7	0.2124199767671018	0.2631547435858268	0.21528744434926034	0.2945570120944165	0.2270007999704964
390000	-15398.171939905254	-15335.588704899747	-62.58323500550786	-15335.588704899747	0.7334264605021564	0.007410412399997965	14.12408572861217	-24.906909519718198	2.431444987197684	3.927532611799072	1.4855947749434348	1.0114635376780041	0.5653505206161981	0.5685601943196982	0.1327503061284223	0.9963890744381947	0.4224922329127782	0.1593194731478881	4	4	4	4	3	3	3	3	3	3	3.4102603573066563	0.003403399021171009	0.3822946495051308	0.003015394845970197	2.4324657860100862E-6	0.45602680701080267	0.2635320350114873	0.21491015292359986	0.2945570120944165	0.2270007999704964
400000	-15401.324811996434	-15328.513149997647	-72.81166199878739	-15328.513149997647	0.4113296020543818	0.05385764930389883	11.386191761244758	-0.44852722813304347	0.7051598234881815	0.8669322050349895	0.4406361211711214	0.4811462191297246	0.23444162894355972	0.19641601481195153	0.1433314799362655	0.0701135352091211	0.10071607962675408	0.056057396428768086	4	4	4	4	3	3	3	3	3	3	0.7690194372307018	0.005363570506440495	0.8808321022503113	0.004840250935501246	1.8987772133840718E-5	0.7811583393661043	0.2746280994471655	0.21070845053752174	0.2847984313632557	0.22986501865205713
410000	-15394.875537757192	-15332.936850001995	-61.93868775519746	-15332.936850001995	0.30617708265471344	0.015815029229739565	10.297418249649265	-5.819838174006908	0.7202845865963345	0.9348473775615203	1.2828021227758193	0.7194835650761151	0.8896615678165506	0.6817678747354518	0.08921448176528578	0.0774313399408621	0.15761298987099764	0.34826519157161223	4	4	4	4	3	3	3	3	3	3	2.71603824939144	0.004779986407541875	0.5290090415521509	0.0038140001977705583	8.289842061201281E-6	0.6268402426064626	0.2648301582222156	0.2085871392988099	0.29474198278966873	0.23184071968930592
420000	-15392.633982554098	-15344.008657515218	-48.62532503887976	-15344.008657515218	0.3885955542110432	0.04060276568821943	16.35215115308698	-1.201291524580884	1.5655081232876495	2.067980251597425	2.3629336445170166	1.080373056604062	0.4943078502626929	0.4351737490024407	0.15635709253517768	0.15072138414443847	0.12339186045841596	0.07726273732726262	4	4	4	4	3	3	3	3	3	3	1.7144249876317432	0.005365950086651911	0.40469636640595985	0.005230687706805847	6.453986846373452E-6	0.44746508515121014	0.2595169442446099	0.2188929735658721	0.28974936250021227	0.23184071968930592
430000	-15405.278146113687	-15337.084196834563	-68.1939492791245	-15337.084196834563	0.46087670266195585	0.0678805565847214	13.700068979074963	-9.4337469477371	1.2284621177216462	2.8002080680687307	0.5431571904613649	0.5740320237498071	0.6942413411259709	0.24458348238404798	0.256584900933409	0.17351401990536747	0.3488360670200974	0.11351661594813812	4	4	4	4	3	3	3	3	3	3	0.5930202007019886	0.005398853249786792	0.7078563193106672	0.004210250520547536	1.4715830598725287E-5	0.744430453236806	0.2660007868973481	0.2147749059277896	0.28536447074017435	0.23385983643468816
440000	-15400.978131774622	-15335.84813380216	-65.12999797246336	-15335.84813380216	0.36185919415782075	0.029432471323065718	23.696937035497104	-10.662817006509988	1.1150446879117872	1.0585764154780526	0.7249863401437572	1.1015625114337273	0.5298034497448106	0.18822201271807293	0.10558869822765486	0.20097889382248654	0.17953885152513377	0.19669697621139395	4	4	4	4	3	3	3	3	3	3	0.8106472921245923	0.00391470232081499	0.4943955707413473	0.004029132239331434	8.395301420903464E-6	0.6941634715004559	0.2660007868973481	0.2147749059277896	0.2902724162327552	0.22895189094210736
450000	-15381.480380068113	-15332.278897179915	-49.20148288819919	-15332.278897179915	0.42035553765608474	0.030681571635301882	12.120694562310357	-14.502082489129531	1.5691727173988599	0.8910228944616745	1.08136444622638	1.28205950486905	0.7390284479698059	0.48982076420952636	0.32111325091943277	0.21002268004951224	0.2711508955252863	0.18297245700653694	4	4	4	4	3	3	3	3	3	3	1.7136971942439396	0.005101815143262379	0.3713970605123468	0.004569331375995008	4.340373862663312E-6	0.40716100792875637	0.2660007868973481	0.21397658472338169	0.28582064607414825	0.23420198230512224
460000	-15410.225824345796	-15332.899499727882	-77.32632461791476	-15332.899499727882	0.6938864286634849	0.07121044741195018	16.436322869010027	-31.955924459295648	2.356302845977172	3.8584457362927846	1.0881701814053293	2.0881829896651682	0.4916712583694044	0.29492083060374474	0.2396616736060769	0.5168819232516686	0.32935921411536	0.20627893621835794	4	4	4	4	3	3	3	3	3	3	1.4745296509302221	0.002887455497844055	0.5137980270909035	0.002673346333253674	2.1709546238231588E-6	0.5032710319362225	0.2660007868973481	0.21045259893009005	0.28582064607414825	0.23772596809841387
470000	-15411.184100898541	-15333.244557240547	-77.9395436579951	-15333.244557240547	0.43995157763080484	0.11301325094274271	26.31216363970769	-17.90701877659813	0.8316875317711857	1.7818592794341601	1.994301768379751	0.7322561838110677	0.4252922321025532	0.7959460706822521	0.19608981427609473	0.19397277621420234	0.11683857541753538	0.22496872541942575	4	4	4	4	3	3	3	3	3	3	0.8453335183386489	0.004308560967608145	0.8126443841249451	0.0036519403632399	1.3047727913829563E-5	0.905615762352939	0.2660007868973481	0.21045259893009005	0.2808099421428545	0.2427366720297076
480000	-15387.000466642507	-15334.535514916879	-52.46495172562794	-15334.535514916879	0.3313228054260702	0.11301325094274271	17.03917998012022	5.277774325933488	0.5662559938750668	0.6969591097737938	1.1811844400762086	0.8494209093815747	0.153478569288495	0.33893207449197066	0.14333145409711295	0.27000161758481006	0.062363780115632275	0.13547905135498162	4	4	4	4	3	3	3	3	3	3	0.8727220615154377	0.005379777551428108	0.6632171931945164	0.0044034984469054714	1.5238328186433162E-5	0.7225216575322359	0.27186407181318417	0.21045259893009005	0.2808099421428545	0.23687338711387154
490000	-15378.174974976166	-15320.985020943692	-57.189954032474645	-15320.985020943692	0.296148539084324	0.07036924303425153	17.99715644327186	3.613330561111196	0.932836315949394	0.5387682552782543	0.26318115745581433	0.6780990698672078	0.4808145430251324	0.22140779875681302	0.07294180509746255	0.21017935647966984	0.10555876899805208	0.06151802492678988	4	4	4	4	3	3	3	3	3	3	1.4210214689587735	0.00896230851057286	0.855902703948973	0.005949147699025038	6.447241741038583E-5	0.9929502728144052	0.264494190395649	0.21045259893009005	0.2881798235603897	0.23687338711387154
500000	-15378.455308101076	-15331.53761017131	-46.917697929765595	-15331.53761017131	0.2602630777956788	0.030921667973997872	21.778651770044963	16.97311582215787	0.2993450000024538	0.5492598122727449	0.8038737633439256	0.5052978997995039	0.1646114553178045	0.16791389042230928	0.12358874445751795	0.1010945098132991	0.09327445240818813	0.05648986955054919	4	4	4	4	3	3	3	3	3	3	0.8883433719796016	0.01327918324487222	0.9849109671496235	0.007939124048743794	2.6849725457849286E-4	1.375899718643258	0.264494190395649	0.21045259893009005	0.2881798235603897	0.23687338711387154
510000	-15363.182992384554	-15326.60860838659	-36.574383997964226	-15326.60860838659	0.20540571237091354	0.0010687435224588852	20.463863509979173	23.974341516268233	0.5677426767069361	0.8411566123556629	0.24716530062518327	0.684186635938817	0.2339400027378233	0.06681476723622333	0.06801411460751741	0.026566313259764447	0.030249532283785248	0.06672378691887365	4	4	4	4	3	3	3	3	3	3	0.5187581301801993	0.013246970823800655	1.1230041071094596	0.007367302236731243	1.4803955027848154E-4	1.0957706773580085	0.264494190395649	0.21480308554879618	0.28382933694168355	0.23687338711387154
520000	-15398.741820672745	-15323.913972761156	-74.82784791158909	-15323.913972761156	0.40104011737364226	0.007072283438452936	16.938937049795843	-12.08013561508304	0.885459418458644	1.3435852006633593	0.7184839704938444	0.7308778111966906	0.5828469821370836	0.7212603961333506	0.27453270436283334	0.25854514446811416	0.21948668570740748	0.25725456802273877	4	4	4	4	3	3	3	3	3	3	2.081694255289791	0.005377556409370837	0.9066220156573425	0.003995434826416389	1.77193315965154E-5	0.8659371488024795	0.2645014999392662	0.21119294740681563	0.2942255427205435	0.23008000993337493
530000	-15401.651432088796	-15339.281823582527	-62.369608506269934	-15339.281823582527	0.3135780094449519	0.026155634895973813	16.938937049795843	-7.78501253587301	0.6706543309119452	0.7867891667496543	0.4143266112356784	0.33205201891954	0.733964918907712	1.4630462866464264	1.0705034004405776	0.29203443649954536	0.08681997367935422	0.09269285153164401	4	4	4	4	3	3	3	3	3	3	0.8498137327346792	0.005908101143160841	0.6180416436763582	0.005318114282477584	1.1180399102450615E-5	0.5605406261011215	0.2676731357178013	0.20987157899798625	0.2923752753508378	0.23008000993337493
540000	-15424.212500555566	-15323.032917800796	-101.1795827547699	-15323.032917800796	0.5021200883289321	0.0372139012221044	20.537346043222627	-28.521382769424772	1.6913628676084216	4.011657181807404	1.5409858169746955	1.2464866968646102	0.5598771199561365	0.24772755559554485	0.6205966747264094	0.24631855189023796	0.12197290263353268	0.21297323590297337	4	4	4	4	3	3	3	3	3	3	4.741606169175955	0.0030968640387605455	0.826191133342562	0.002991666567739846	1.0987675893021605E-5	1.083640238704298	0.2646410525732212	0.20987157899798625	0.2923752753508378	0.23311209307795508
550000	-15395.17757449671	-15338.629339887899	-56.54823460881127	-15338.629339887899	0.6362611652881798	0.06044123988552487	12.762892007963634	-29.887263734275123	1.5330662487670972	2.4726483435284496	1.8272871664481918	2.1515242771875247	1.1912293812386543	0.666887120277873	0.7706811367426739	0.2824928390453104	0.3179857379099448	0.31245942137954513	4	4	4	4	3	3	3	3	3	3	1.2491729247983743	0.0030226302814268537	0.40081727735705563	0.0026649904409867704	1.334150724548402E-6	0.38998327142096434	0.2614419970506571	0.21053225327530461	0.2923752753508378	0.23565047432320077
560000	-15407.5132535794	-15328.083829591	-79.42942398840022	-15328.083829591	0.42670525839903234	0.07235191830111447	16.041423820723306	-13.250917470985154	1.3945789952217469	1.3024438598764858	1.1713749935098983	0.5808282899166887	0.5062660202569635	0.23730055936175862	0.2439213182937265	0.2494738480756691	0.15393170868465308	0.19163930226704207	4	4	4	4	3	3	3	3	3	3	2.641533337636623	0.005358591944818703	0.7540599061470937	0.004755700577568329	1.4391739180440703E-5	0.6962945989726259	0.27533804066700623	0.21053225327530461	0.29140852811499834	0.22272117794269108
570000	-15406.234099523514	-15323.187365456799	-83.04673406671382	-15323.187365456799	0.30411045211635607	0.07141485118001867	10.289721581543278	-10.434104237276966	1.49904861560276	1.6546443250061431	0.5733438702603519	0.33633062083159115	3.0025069033608136	0.4438602289431744	0.27804172071532557	0.20644224195765626	0.07187552880475609	0.03828484222636755	4	4	4	4	3	3	3	3	3	3	0.7877472193058991	0.004450640586047948	0.646782244608777	0.004507343856042173	1.499785835308836E-5	0.7522894641631325	0.2607635354675985	0.21881034973480742	0.28517041317799097	0.2352557016196034
580000	-15431.825780804596	-15336.9722252578	-94.8535555467972	-15336.9722252578	0.35313652531571954	0.03502505363875106	15.598614896925987	-15.759411284132007	0.7534931402105011	0.8734606531268438	1.366565040040192	0.7217832271056086	0.6805153125587354	0.8838755908458623	0.2804840441325663	0.17697637553080234	0.12165655178821197	0.12357676047159015	4	4	4	4	3	3	3	3	3	3	1.3546077919393484	0.005033569881912042	0.9770390139204347	0.004509167989006221	2.7804428944196308E-5	0.9698902042435849	0.2737096948474873	0.2125000417036468	0.2801522490433932	0.23363801440547297
590000	-15393.495790434283	-15337.806177741752	-55.689612692531185	-15337.806177741752	0.36705254109380003	0.008129145465987931	15.598614896925987	-17.741901679889573	3.5313077782213096	1.7236681934163742	1.2429558654801118	0.7611404675801648	0.6358999174619869	0.5381490649597275	0.24668125557642534	0.24528903658918746	0.19954317960762946	0.10668773831794127	4	4	4	4	3	3	3	3	3	3	3.197560576483355	0.0033749885825530217	0.41547806160768835	0.003407416546375638	2.360369063475748E-6	0.4394874115607455	0.2639428755163323	0.21618054365974743	0.28609478283719625	0.23378179798672427
600000	-15375.338763565562	-15338.577493127916	-36.761270437646004	-15338.577493127916	0.3235271133237636	0.009924228316861001	13.749417705664007	-3.277277554749647	1.1760167984746153	0.8002007885844841	0.9294287846828144	0.4673755532007413	0.5942627752704315	0.20299993084013418	0.11585733863889602	0.14029007835078763	0.06263437023222744	0.15749532709658462	4	4	4	4	3	3	3	3	3	3	1.282217191525166	0.004742529362933588	0.40828322071147805	0.00481607198448947	3.7288220692102193E-6	0.3944241078606985	0.2679890616246759	0.21316326904312155	0.28609478283719625	0.23275288649500656
610000	-15377.194397571951	-15328.77778972726	-48.41660784469096	-15328.77778972726	0.35728043900321416	0.022435518166650372	19.615551382461746	-2.8668396970987464	1.7056892156648586	1.3496579317903628	0.9354367257513835	0.6089237822566483	0.1769032771522978	0.33329211376059503	0.12094447276396267	0.23561487803841258	0.12062162827235956	0.08815784746954913	4	4	4	4	3	3	3	3	3	3	1.495157201987394	0.00538790395616103	0.5210762659914739	0.004463628028047013	7.003607648506211E-6	0.5167248123441655	0.26593592017201273	0.21357215227480417	0.2856491658247219	0.23484276172846144
620000	-15423.619960375676	-15332.530413791172	-91.08954658450355	-15332.530413791172	0.5651238987489763	0.03171094429860992	13.499349081173305	-26.062218418730424	1.9016870286706582	3.077589083082686	1.6329547651262295	2.908510289102577	0.7441334936574708	1.3241435516491697	0.3288487349279982	0.18342550573778524	0.172273992086549	0.1936066999933573	4	4	4	4	3	3	3	3	3	3	4.2485917548601115	0.0035100434254574414	0.9494512158687826	0.003146558856901483	7.60142398689124E-6	0.8586244564894439	0.2694908925898695	0.215807224130118	0.2798591215515513	0.23484276172846144
630000	-15323.003543120016	-15339.843589020069	16.840045900052367	-15339.843589020069	0.8045413846095955	0.07072061332436076	20.033140215000248	-42.851010857629966	3.2837324461755677	2.5652691430344556	4.001519593069639	3.386108486563584	1.4494647581368831	0.5025952772755133	0.6142693560652263	0.6117754666858727	0.4659365730173849	0.22935084756954743	4	4	4	4	3	3	3	3	3	3	1.4475093134329395	0.001862106907478133	0.11948340183392575	0.0018762642863222102	2.7886287916514932E-8	0.08898056434092591	0.26767336120092733	0.2079767150572378	0.288845502646617	0.2355044210952181
640000	-15401.097229859486	-15327.75725393981	-73.33997591967578	-15327.75725393981	0.6706807224486707	0.006752258152207481	9.74967238800376	-22.464062659394344	1.9335219313794523	1.056845384919029	1.8697313122321586	0.8126746329620862	0.6085535676936248	0.3568063769890082	0.6452361112097539	0.3443591420780506	0.16146304006859008	0.2797958857702727	4	4	4	4	3	3	3	3	3	3	1.9170626885576736	0.0034327503739604226	0.5366875349830976	0.002947170361519804	4.196209889739859E-6	0.5983371732632192	0.2708431362111336	0.20887525167534474	0.29038428937279664	0.22989732274072525
650000	-15396.164953864753	-15326.861413924868	-69.30353993988459	-15326.861413924868	0.6827801408448201	0.031591215007379075	28.06550382849731	-9.619233218806446	1.2092738633136701	1.2161236042348966	1.0363227034885407	0.5503248987851561	0.47623856027450445	0.20621280243358614	0.12242330801474328	0.10757528866463735	0.3068572545960282	0.13303262369766494	4	4	4	4	3	3	3	3	3	3	0.8944316457064502	0.004602956636240342	0.6123877805575458	0.003430917996480245	8.112040506838385E-6	0.6376867488963994	0.2708431362111336	0.20887525167534474	0.29038428937279664	0.22989732274072525
660000	-15389.418213718245	-15333.999711376007	-55.41850234223866	-15333.999711376007	0.3039521674803928	0.025787497666902484	7.597557783657986	-5.000460326597174	2.8304962070364965	0.8298153808683235	0.863947012522973	0.44852059371640807	0.2855630567936053	0.22177601002611808	0.17811879670716868	0.09751373400837786	0.09186670569413906	0.0797428008504669	4	4	4	4	3	3	3	3	3	3	3.0633284258254307	0.006410540678092497	0.5384435785085113	0.00538348637064135	1.3161808021602695E-5	0.5854327207774687	0.2699268974313917	0.2071571391890342	0.29130052815253854	0.2316154352270358
670000	-15405.82820508963	-15337.020146229479	-68.80805886015153	-15337.020146229479	0.3600879270859874	0.03534825224661894	12.3591176175739	-14.751615039366072	1.2350175106683825	2.395554052976548	1.3711247085854634	1.7030823339415313	0.3674028208734342	0.6431440014404959	0.34418069621529923	0.20768967226305474	0.18313452822574608	0.15317975931116487	4	4	4	4	3	3	3	3	3	3	0.9445955649746764	0.0045329100837476315	0.5799546763325824	0.004005231809008753	7.651409056646198E-6	0.6291018491830072	0.2693248107410049	0.21205523348580663	0.28643395042971176	0.232186005343477
680000	-15383.740508750245	-15320.668607953783	-63.0719007964617	-15320.668607953783	0.3210820914254785	0.011730262394638076	13.153681642306418	-2.931923548164394	1.8820152666220893	0.5398608779445134	0.6017143250817124	0.8433640816827067	0.6674624175793312	0.32873415203063544	0.07098828783066016	0.12999793182334116	0.14580547008859132	0.1386497630170803	4	4	4	4	3	3	3	3	3	3	0.3804276421550147	0.0052897389741561164	0.6448014389482755	0.004524178494584446	1.560246515951585E-5	0.7519873175378198	0.2693248107410049	0.2087727103726925	0.29007405260161034	0.23182842628469252
690000	-15419.81766285795	-15334.879605093236	-84.93805776471362	-15334.879605093236	0.7009491253732534	0.03810334012213518	12.305784924075278	-27.023787505365057	2.5408799408373954	3.7063858227328996	0.6932766522342806	1.6928757120572164	0.3934421401609952	0.5729207712415414	0.3778245082575521	0.47823439904488524	0.31888154001804325	0.3398781597739365	4	4	4	4	3	3	3	3	3	3	2.2551789814813255	0.0046685756814403585	0.9282526091848281	0.0028580805923834923	9.410828637895301E-6	0.7943402724161794	0.2693248107410049	0.21236577217717043	0.2876918786825288	0.23061753839929608
700000	-15402.96162866149	-15333.29098941379	-69.67063924769977	-15333.29098941379	0.5167258391691405	0.06617516065705854	12.72430233919351	-25.841034348027296	0.8627882743353871	1.5496385704420323	2.6187527488760054	1.184070430514646	0.665223916124197	0.5910908862172549	1.4727164750133586	0.42945367124668626	0.2812856892471509	0.08782170525013296	4	4	4	4	3	3	3	3	3	3	1.1490178178925723	0.003302554060168314	0.539247905625327	0.002921986852063297	3.049154685328317E-6	0.5365814286358738	0.2693248107410049	0.2114125023087112	0.2876918786825288	0.2315708082677553
710000	-15392.506313300355	-15337.370241353832	-55.13607194652225	-15337.370241353832	0.3890934797018563	0.07152079618187941	13.565504594027603	-3.3328020236464244	1.5341402650616818	0.8611095835231938	1.4832722092526303	0.6384914180746509	0.3827662300006642	1.0371093351031018	0.08653145534038663	0.09599358022699112	0.09139640695625735	0.1388304773344177	4	4	4	4	3	3	3	3	3	3	2.403919401911761	0.005115268505773612	0.5781874544031222	0.004136457137411695	8.19669479565682E-6	0.575113687679505	0.2693248107410049	0.21484837789494254	0.28425600309629745	0.2315708082677553
720000	-15424.602314699898	-15328.66713394309	-95.93518075680767	-15328.66713394309	0.3898411384153989	0.013160658470365497	13.565504594027603	-16.750372040073316	0.5047409532414752	1.020887930209923	1.0133897906404599	0.37506664752142044	0.3715364218117458	0.32388480930108793	0.1996853749472543	0.2602594187400171	0.15521251657109222	0.11228577478385034	4	4	4	4	3	3	3	3	3	3	0.3469510775262259	0.0039018056596012434	0.5985617360866677	0.0042886475917394	1.0655286082404077E-5	0.6635901956550445	0.2693248107410049	0.21832575073550783	0.28425600309629745	0.22809343542719002
730000	-15409.65699119613	-15350.585274926101	-59.071716270030166	-15350.585274926101	0.45325617648401606	0.009345390114134945	16.863193894239487	-9.104682551945839	2.47390697169424	0.6587494806626083	0.72121397663718	0.591385124496554	0.6214106873501754	0.5025984442893756	0.18577216835932775	0.2493853521665938	0.09756990887253722	0.20679295128145797	4	4	4	4	3	3	3	3	3	3	1.6370354658916653	0.004779379902284157	0.6646727503282417	0.003978447992011114	8.716861826750694E-6	0.6553415301900636	0.26383725640807026	0.21832575073550783	0.28425600309629745	0.23358098976012462
740000	-15385.411138169098	-15330.709094852	-54.702043317097704	-15330.709094852	0.551358555924828	0.11455030092254564	13.410348487036163	-14.017464270188567	1.7165233548490644	0.5334463732640599	0.9497246633878011	1.0346140540023043	0.22599260900490659	1.7601059213980021	0.2177252653263789	0.20203152346014205	0.24168429774965403	0.12946189607561964	4	4	4	4	3	3	3	3	3	3	2.408120222228996	0.004886352187305496	0.5483626364938493	0.0036624388563162935	4.492377111102985E-6	0.4945698743001407	0.2623875070372789	0.2197755001062992	0.28425600309629745	0.23358098976012462
750000	-15392.966608756044	-15329.052387269046	-63.91422148699799	-15329.052387269046	0.3619025655605889	0.11108554397136972	11.425239689305382	-2.123213447475446	0.8247501536968868	1.6932549473296716	0.6361026414202292	1.3632278651625285	0.3475087628677724	0.2648557149175914	0.16670608152312544	0.23319512937006615	0.1341926953255332	0.11676045641878292	4	4	4	4	3	3	3	3	3	3	1.9407039511197333	0.005563362848068251	0.611731999874911	0.004702082685303566	2.0196868612289603E-5	0.7861313197254715	0.27523074786205587	0.20693225928152226	0.28425600309629745	0.23358098976012462
760000	-15392.079536175988	-15336.906146681431	-55.17338949455701	-15336.906146681431	0.5583501174240373	0.00827221173171957	11.425239689305382	-19.019776610936525	1.618621911971742	1.1955349409456466	0.6738473112844865	0.5341909051315563	0.361933388703414	0.14901998451820828	0.4446054438558377	0.45882344135202635	0.16502564582782095	0.23922632723263654	4	4	4	4	3	3	3	3	3	3	2.298372897612932	0.003663803163542473	0.4519099299918049	0.003399052017689479	2.4985251913911495E-6	0.4466777970566753	0.27523074786205587	0.20693225928152226	0.28430476220593703	0.23353223065048503
770000	-15397.228913390005	-15325.179436572245	-72.04947681775904	-15325.179436572245	0.31547130223825176	0.04352959211150637	16.499344924122976	-11.133079162748498	3.5769656584465555	3.883994352918784	0.6389807503163742	0.3614653275425862	0.8099823736272395	0.49558580203469726	0.2580775109553317	0.1933960038841627	0.08429698743242803	0.15005496708950194	4	4	4	4	3	3	3	3	3	3	6.099880265129352	0.004217576282113615	0.6730309896799324	0.0038756165035409595	9.625863615289343E-6	0.7443499414394144	0.26506003914535115	0.21386040565230535	0.28430476220593703	0.23677479299640664
780000	-15414.68670847423	-15332.370966519818	-82.31574195441205	-15332.370966519818	0.43074088634372354	0.06090218537260866	21.667866505419713	-13.100214363386833	1.3666269486088987	1.2440728902585152	0.6864490186082399	0.6912302744890262	0.3409169081862625	0.32709467662245056	0.10834429270194322	0.24879489636568775	0.18509629581374615	0.3681741324623015	4	4	4	4	3	3	3	3	3	3	1.8173472635991523	0.004288651264061003	0.6760904892594167	0.00453863038344239	1.3294736192710912E-5	0.7338019338529518	0.26736567079179024	0.20561150769997902	0.288197533309651	0.23882528819857995
790000	-15346.028428105266	-15343.383950307069	-2.644477798198675	-15343.383950307069	0.2973729595210365	0.04556350762823176	15.1456453931061	-2.2585754469332375	0.78559263941542	1.5355962045618965	1.9585649006572297	1.3801172961819663	0.4908756764612597	0.28578041182900155	0.11345160540881569	0.09272248746943171	0.09067110642317518	0.02940792974289454	4	4	4	4	3	3	3	3	3	3	1.2646143740634732	0.004798380456084346	0.23970947914789553	0.0044917508262997796	1.2549541388192407E-6	0.24576122417478724	0.26736567079179024	0.20561150769997902	0.2934155086643784	0.23360731284385258
800000	-15397.892151234426	-15326.71534150944	-71.17680972498657	-15326.71534150944	0.3118884870517893	0.052817681340873515	13.163146149368082	-0.11533294481450795	0.8394327769230678	0.611537169169706	1.327816513400785	0.4139239835202497	0.1927512562284042	0.6662979028439777	0.340569517539167	0.11701932193048681	0.04853944577823336	0.10278921857234434	4	4	4	4	3	3	3	3	3	3	2.777979470580035	0.007400501821927245	0.9069608029669689	0.00524990257198614	6.64593879668467E-5	1.1025501436924208	0.2575424158540001	0.21543476263776917	0.2934155086643784	0.23360731284385258
810000	-15415.872351825688	-15334.707810567339	-81.16454125834966	-15334.707810567339	0.6392004218651626	0.05670348260210711	14.968219270311256	-31.518928442399154	6.441162017779212	5.043786627585712	3.5503190069877384	1.0629614079401997	0.8428178901557122	0.3529567261740325	0.563049509099505	0.43811990077114843	0.9253809840613094	0.3347462111897216	4	4	4	4	3	3	3	3	3	3	8.039266897311126	0.0025700076602138697	0.44815097322399355	0.0024494932768822707	1.8411278150959354E-6	0.5291911183325559	0.2575424158540001	0.21543476263776917	0.28451237623438547	0.24251044527384547
820000	-15377.619243782769	-15332.071390388259	-45.54785339450919	-15332.071390388259	0.3334963393042144	0.06562849889170255	18.33195837258368	-5.114048517582914	0.9500697486311909	2.1226915336107197	1.3204783133513405	0.761538144711872	0.28953243237851345	0.59222265808836	0.2998121053311525	0.23144465096151004	0.07860801201568247	0.06622969396367837	4	4	4	4	3	3	3	3	3	3	1.5044653564322492	0.005634303697143567	0.45231907530565907	0.004887798679165532	7.3386244573739765E-6	0.48901950937760985	0.2584658762485357	0.21540113474104555	0.2897366185396623	0.2363963704707567
830000	-15417.515833430296	-15334.990062290286	-82.5257711400105	-15334.990062290286	0.3910196018875074	0.007278159421830162	13.016777272983713	-18.2836442933422	1.4284624587323087	1.2022170873239708	0.7084844224431496	2.1057932560027326	0.8255537283793045	1.8271809161183816	0.2728294794699692	0.18661008710699883	0.19342122561369365	0.13101796987933886	4	4	4	4	3	3	3	3	3	3	1.8000790201377739	0.0037942074517616706	0.5962680136569606	0.0038043840513331197	7.651060437227473E-6	0.6425181015529685	0.2632745609269053	0.2105924500626759	0.2897366185396623	0.2363963704707567
840000	-15383.326042591325	-15341.166555439231	-42.159487152093874	-15341.166555439231	0.33517616602431927	0.08649850702601217	11.476950274974934	-2.870060083767631	1.7093229974679713	1.251869753572032	1.7307786399236103	0.3434084357261185	0.5382212973296259	0.9192849621568021	0.12054111330717962	0.06020517274300531	0.18470336406126325	0.1002087951356268	4	4	4	4	3	3	3	3	3	3	2.604189896273979	0.006070798970137871	0.4450814299725489	0.005985330099601409	7.707471163397276E-6	0.46302767957039104	0.26194853291277953	0.20939267242475365	0.2897366185396623	0.23892217612280475
850000	-15408.615713397985	-15334.900980054219	-73.71473334376543	-15334.900980054219	0.43509300686621777	0.017528229871622805	11.19475823729941	-17.958036384161492	2.720878386256402	2.2889331999178424	1.508265841852881	0.4667730526399057	0.6412727896419753	0.2931572430555351	0.3062578645491051	0.1717364619184779	0.16259634452944868	0.15109244999937865	4	4	4	4	3	3	3	3	3	3	2.359681876936894	0.004327182481639116	0.5041366579288277	0.003912762996729689	6.689246421805386E-6	0.5837814880772466	0.2641837443268515	0.20819527876193045	0.2922019060429743	0.235419070868244
860000	-15430.784439853927	-15327.642675737068	-103.14176411685949	-15327.642675737068	1.0034697713180685	0.004531258883360857	15.261122223827229	-42.640425765628564	2.826804461602238	2.4487063244824445	4.117825480344763	1.850917296865142	1.1913321601285378	1.6421618380669132	0.8347632538576596	0.37830787789184134	0.48463982758607876	0.5051418689612062	4	4	4	4	3	3	3	3	3	3	2.376178169509223	0.0019587318007648984	0.7975684277727549	0.0016157007101901177	2.4701972956137322E-6	0.8441162705915791	0.2641837443268515	0.20732519603800031	0.2922019060429743	0.23628915359217414
870000	-15340.622959544315	-15337.484168208195	-3.1387913361191697	-15337.484168208195	0.46097289711992867	0.004199398951788819	16.524216076283647	-8.93211920542755	1.05849254475658	4.525471481539015	1.7870743915753837	0.7738758885265432	1.0761211481700474	0.31978861686680216	0.12795655059160285	0.12740633301078289	0.13383022711503154	0.06989686519245619	4	4	4	4	3	3	3	3	3	3	1.190544495981733	0.003584707753086981	0.21410559596147727	0.0036185237046619345	5.992053447307033E-7	0.2132558330314745	0.2641837443268515	0.21667933261914185	0.28284776946183277	0.23628915359217414
880000	-15387.699326507116	-15334.98145133018	-52.71787517693468	-15334.98145133018	0.32040061250281493	0.00961252339434336	16.930394429674575	-12.002000209693303	2.2383867598503024	1.9296888323831958	1.318525263288623	0.3998053368094177	0.6284618611401449	0.6339411688033312	0.46503692813094805	0.30405849456772366	0.16295126588047718	0.23743469418088936	4	4	4	4	3	3	3	3	3	3	1.7579498273867395	0.004197710094342974	0.478521889223746	0.0037133644548679842	4.16701719536743E-6	0.5211015238521483	0.2641837443268515	0.21667933261914185	0.28284776946183277	0.23628915359217414
890000	-15397.94635355848	-15327.29837699689	-70.6479765615904	-15327.29837699689	0.45176592114023306	0.04373912720409439	18.027717184168136	-6.67723666589763	2.021735564398448	1.8739425787536834	1.073129314025248	0.6592647856681102	0.3541688596524126	0.25394030601234807	0.27178109039324727	0.3000774838979097	0.12050337155582407	0.0910457704120612	4	4	4	4	3	3	3	3	3	3	2.854682551304829	0.005868484529378644	0.7517022067641282	0.004289345133057708	1.8827470688624732E-5	0.7994129892179503	0.26993898155914337	0.21699053442737132	0.28284776946183277	0.23022271455165286
900000	-15406.233731133207	-15335.322458648776	-70.9112724844316	-15335.322458648776	0.46578924627038903	0.11744887058241091	17.04906663808061	-18.132272587986463	4.1648670710710425	1.9380117158227426	1.4654591929897087	0.8179970147396768	0.22340383428221133	0.9092288929791233	0.5553326786272305	0.12687103843537628	0.17586428040318877	0.2449781450835718	4	4	4	4	3	3	3	3	3	3	2.826971671656576	0.004836563380129536	0.7571180265243481	0.0037894186716043066	7.350350765660475E-6	0.643345499477766	0.27556544427952334	0.21160090726370537	0.28284776946183277	0.22998587899493883
910000	-15382.755549480658	-15320.763264543017	-61.99228493764094	-15320.763264543017	0.29134299323417895	0.07455794428889527	20.291989591756348	1.8457408562299893	0.677751906072492	0.9637596802103151	0.3411519175590905	0.5193638841925978	0.31343799227852465	0.23191204747345592	0.1766550402656855	0.1674807708305136	0.07153972900080852	0.19429975098747565	4	4	4	4	3	3	3	3	3	3	1.4423518897521455	0.007336461780295958	1.2355387800838096	0.004823835706314054	6.49401066903387E-5	1.2518598711456677	0.26617542388938265	0.22022194060883818	0.2834025864107462	0.2302000490910333
920000	-15395.354275745369	-15331.672694726534	-63.68158101883423	-15331.672694726534	0.3912449964444332	0.09383558915377868	13.507156715121482	-9.570550244153456	0.7481863093477042	1.9067515523017289	0.8524754821592665	0.5574749302352572	0.49483010898477336	0.6894859940534	0.196481949415339	0.3079389886827261	0.14957266109028694	0.13474428573570832	4	4	4	4	3	3	3	3	3	3	1.7584014418304557	0.005015819480577283	0.6172331900414451	0.004228489702303713	8.173965893446285E-6	0.5879621122823511	0.26617542388938265	0.22022194060883818	0.2834025864107462	0.2302000490910333
930000	-15373.423410968462	-15341.99371884653	-31.429692121931602	-15341.99371884653	0.37992638213772845	0.013076591904775224	10.320088973996526	6.49725675883049	1.1786008624114332	1.520593403351603	1.5400612135850513	0.30429578407388297	0.17949728917427252	0.2184985900325194	0.46371074829662345	0.06068914633933347	0.08794761230133648	0.053674907877737044	4	4	4	4	3	3	3	3	3	3	1.019832286409004	0.006591898021437822	0.515784394598223	0.0053597098439120885	1.0306091646903685E-5	0.5141584532467113	0.2620435988151558	0.22022194060883818	0.28538810842315704	0.23234635215284932
940000	-15367.976115375977	-15330.348217807032	-37.62789756894509	-15330.348217807032	0.2846979398145421	0.07177570843192918	14.325581906039254	0.7642992540579252	0.838124108925167	0.9195828016332831	0.6588356826909035	0.3675264536689039	0.49107050616057657	0.3090182290242868	0.11053617994909055	0.14981585738313238	0.1100755151621835	0.055567686675175414	4	4	4	4	3	3	3	3	3	3	1.8870226829583394	0.006109914619791379	0.5085281398079159	0.0051677931724679535	8.058890041918025E-6	0.5178762650868395	0.268421324058612	0.20714399008693668	0.2920883337016023	0.23234635215284932
950000	-15410.855042967874	-15340.643548471977	-70.21149449589713	-15340.643548471977	0.3929679522136394	0.09994798649546523	30.250322635357872	-11.917944627499828	1.0119257205575916	1.682294277035482	1.1217463531787202	1.8171324857679023	0.27836998149679115	0.3231519786815914	0.32143217458286033	0.26131357916389064	0.06925135252310498	0.16621083980631915	4	4	4	4	3	3	3	3	3	3	1.47220045963693	0.005583431294776965	0.5286898964513864	0.004897264931700021	1.0432410622731678E-5	0.5615612615787986	0.268421324058612	0.2126307802847957	0.2920883337016023	0.2268595619549903
960000	-15386.845993105359	-15333.022433455224	-53.823559650133774	-15333.022433455224	0.5290350730107154	0.03432180819078906	15.956443626385816	-30.6396812616648	3.6886282773924424	4.104231952934477	1.0266379119767832	1.3554320159167035	1.3958718324201203	1.1998556928729962	0.26642338674773486	0.15377924723983843	0.44310650378100025	0.320817518125622	4	4	4	4	3	3	3	3	3	3	1.4285840377037218	0.0021047376780505157	0.25759159119960034	0.002369885155132276	5.426482218360027E-7	0.3200566188288109	0.268421324058612	0.2126307802847957	0.28396930131307757	0.23497859434351498
970000	-15392.426982963552	-15334.08878175619	-58.33820120736183	-15334.08878175619	0.34444380154972554	0.03708335269276815	20.272234618484234	3.593408496267614	1.3917231462098743	1.0296859108005767	0.7275831189896762	0.8050606465636492	0.4024258323345999	0.2506100407532308	0.2804080759604616	0.2679920543802708	0.10982165707649985	0.05739978081246753	4	4	4	4	3	3	3	3	3	3	1.530631579203682	0.005432690390724007	0.570050814845143	0.004892082875288124	1.4651371247077573E-5	0.6450157619916895	0.2714440086550205	0.2073782362071505	0.28957008629349135	0.23160766884433792
980000	-15360.076502921658	-15351.135554706905	-8.940948214752353	-15351.135554706905	0.476186950120225	0.12969295680001255	23.69199956265284	-13.268475078756984	0.6680980542877588	0.593096127433855	1.0047680938441017	0.7996535916351969	0.5583691364669576	0.6277896464606683	0.35660583730887685	0.4705475319228862	0.29138018729867854	0.25259184787611394	4	4	4	4	3	3	3	3	3	3	1.0762913456488619	0.0034893963202823164	0.1801093567519598	0.003621917898096822	5.517824361507238E-7	0.2059180314981683	0.26495950480907277	0.21206622238885295	0.29270303583017926	0.2302712369718953
990000	-15375.397660102408	-15334.712370754072	-40.685289348335886	-15334.712370754072	0.6071679414775537	0.04955037526835681	19.308884356424166	-29.775570580597023	2.10977922911037	1.8717303678328554	3.0030475533213132	3.53250865265169	1.1445972367349033	0.43195665930709903	0.37454542683032305	0.5135248724188657	0.45964303459538425	0.24938398945560075	4	4	4	4	3	3	3	3	3	3	1.4588565246313894	0.0024907826620876876	0.2755991913985643	0.0023474315130363774	5.270470712171024E-7	0.29464844875144147	0.26495950480907277	0.21324022465835815	0.28482476318631744	0.23697550734625192
1000000	-15401.925580710247	-15334.833069058272	-67.09251165197632	-15334.833069058272	0.376523350064328	0.07020499251160378	11.932771394987709	-7.970036923372252	0.981429999617656	0.5660519647994781	1.1618940023723	0.6847243794409309	0.5975100913056559	0.250240286481316	0.19441638358329427	0.20186614248034024	0.10706540343246819	0.09761442313258169	4	4	4	4	3	3	3	3	3	3	1.5935495883349056	0.005060384721321485	0.5951520322955585	0.004164016134554643	1.0623360674132806E-5	0.6877668927867976	0.26599878152707435	0.21688389530711594	0.28455418184528786	0.23256314132052214
